<?xml version="1.0" encoding="UTF-8"?>
<!-- Generated by org.testng.reporters.JUnitXMLReporter -->
<testsuite ignored="2" hostname="LAPTOP-J7H10TOC" failures="1" tests="1" name="Default test(failed)" time="0.048" errors="0" timestamp="2023-08-16T20:32:02 IST">
  <testcase classname="anukush_Sir_Class.Sample_2" name="tc6" time="0.01">
    <failure type="java.lang.AssertionError" message="null">
      <![CDATA[java.lang.AssertionError: null
at anukush_Sir_Class.Sample_2.tc6(Sample_2.java:21)
at java.base/java.util.ArrayList.forEach(ArrayList.java:1511)
... Removed 29 stack frames]]>
    </failure>
  </testcase> <!-- tc6 -->
  <testcase classname="anukush_Sir_Class.Sample_2" name="tc5" time="0.0">
    <ignored/>
  </testcase> <!-- tc5 -->
  <testcase classname="anukush_Sir_Class.Sample_2" name="tc4" time="0.0">
    <ignored/>
  </testcase> <!-- tc4 -->
</testsuite> <!-- Default test(failed) -->
