<?xml version="1.0" encoding="UTF-8"?>
<!-- Generated by org.testng.reporters.JUnitXMLReporter -->
<testsuite ignored="0" hostname="LAPTOP-J7H10TOC" failures="0" tests="3" name="Default test" time="0.063" errors="0" timestamp="2023-08-22T21:35:28 IST">
  <testcase classname="surya_Sir_TNG.Description_Demo" name="Forra" time="0.012"/>
  <testcase classname="surya_Sir_TNG.Description_Demo" name="Harra" time="0.003"/>
  <testcase classname="surya_Sir_TNG.Description_Demo" name="Thara" time="0.001"/>
</testsuite> <!-- Default test -->
