<?xml version="1.0" encoding="UTF-8"?>
<!-- Generated by org.testng.reporters.JUnitXMLReporter -->
<testsuite ignored="0" hostname="LAPTOP-J7H10TOC" failures="1" tests="3" name="Sample111_Test" time="0.084" errors="0" timestamp="2023-08-16T20:25:19 IST">
  <testcase classname="anukush_Sir_Class.Sample_1" name="tc1" time="0.013"/>
  <testcase classname="anukush_Sir_Class.Sample_1" name="tc2" time="0.004"/>
  <testcase classname="anukush_Sir_Class.Sample_1" name="tc3" time="0.004">
    <failure type="java.lang.AssertionError" message="null">
      <![CDATA[java.lang.AssertionError: null
at anukush_Sir_Class.Sample_1.tc3(Sample_1.java:23)
at java.base/java.util.ArrayList.forEach(ArrayList.java:1511)
... Removed 29 stack frames]]>
    </failure>
  </testcase> <!-- tc3 -->
</testsuite> <!-- Sample111_Test -->
