<?xml version="1.0" encoding="UTF-8"?>
<!-- Generated by org.testng.reporters.JUnitXMLReporter -->
<testsuite ignored="0" hostname="LAPTOP-J7H10TOC" failures="1" tests="3" name="Test" time="0.06" errors="0" timestamp="2023-08-16T20:27:47 IST">
  <testcase classname="anukush_Sir_Class.Sample_1" name="tc1" time="0.01"/>
  <testcase classname="anukush_Sir_Class.Sample_1" name="tc2" time="0.001"/>
  <testcase classname="anukush_Sir_Class.Sample_1" name="tc3" time="0.005">
    <failure type="java.lang.AssertionError" message="null">
      <![CDATA[java.lang.AssertionError: null
at anukush_Sir_Class.Sample_1.tc3(Sample_1.java:23)
at java.base/java.util.ArrayList.forEach(ArrayList.java:1511)
... Removed 29 stack frames]]>
    </failure>
  </testcase> <!-- tc3 -->
</testsuite> <!-- Test -->
