<?xml version="1.0" encoding="UTF-8"?>
<testng-results ignored="0" total="3" passed="3" failed="0" skipped="0">
  <reporter-output>
  </reporter-output>
  <suite started-at="2023-08-22T21:35:28 IST" name="Default suite" finished-at="2023-08-22T21:35:28 IST" duration-ms="63">
    <groups>
    </groups>
    <test started-at="2023-08-22T21:35:28 IST" name="Default test" finished-at="2023-08-22T21:35:28 IST" duration-ms="63">
      <class name="surya_Sir_TNG.Description_Demo">
        <test-method signature="Forra()[pri:-20, instance:surya_Sir_TNG.Description_Demo@799f10e1]" started-at="2023-08-22T21:35:28 IST" name="Forra" description="validating the Forra" finished-at="2023-08-22T21:35:28 IST" duration-ms="12" status="PASS">
          <reporter-output>
          </reporter-output>
        </test-method> <!-- Forra -->
        <test-method signature="Harra()[pri:1, instance:surya_Sir_TNG.Description_Demo@799f10e1]" started-at="2023-08-22T21:35:28 IST" name="Harra" description="validating the Harra" finished-at="2023-08-22T21:35:28 IST" duration-ms="3" status="PASS">
          <reporter-output>
          </reporter-output>
        </test-method> <!-- Harra -->
        <test-method signature="Thara()[pri:6, instance:surya_Sir_TNG.Description_Demo@799f10e1]" started-at="2023-08-22T21:35:28 IST" name="Thara" description="validating the Thara" finished-at="2023-08-22T21:35:28 IST" duration-ms="1" status="PASS">
          <reporter-output>
          </reporter-output>
        </test-method> <!-- Thara -->
      </class> <!-- surya_Sir_TNG.Description_Demo -->
    </test> <!-- Default test -->
  </suite> <!-- Default suite -->
</testng-results>
